<?xml version="1.0" encoding="UTF-8"?>
<!-- Generated by org.testng.reporters.JUnitXMLReporter -->
<testsuite ignored="0" hostname="Prakash" failures="0" tests="5" name="Default test" time="71.532" errors="0" timestamp="11 Jun 2020 02:45:55 GMT">
  <testcase classname="demoqa.demoqa.test" name="conditions" time="2.123"/>
  <testcase classname="demoqa.demoqa.test" name="conditions1" time="23.481"/>
  <testcase classname="demoqa.demoqa.test" name="conditions2" time="20.417"/>
  <testcase classname="demoqa.demoqa.test" name="conditions3" time="2.463"/>
  <testcase classname="demoqa.demoqa.test" name="conditions4" time="0.407"/>
</testsuite> <!-- Default test -->
