<?xml version="1.0" encoding="UTF-8"?>
<!-- Generated by org.testng.reporters.JUnitXMLReporter -->
<testsuite ignored="3" hostname="Prakash" failures="0" tests="3" name="demoqa" time="71.597" errors="0" timestamp="11 Jun 2020 04:15:38 GMT">
  <testcase classname="demoqa.demoqa.test" name="conditions" time="33.681"/>
  <testcase classname="demoqa.demoqa.test" name="conditions2" time="17.64"/>
  <testcase classname="demoqa.demoqa.forms" name="conditions" time="20.151"/>
  <testcase classname="demoqa.demoqa.test" name="conditions3" time="0.0">
    <ignored/>
  </testcase> <!-- conditions3 -->
  <testcase classname="demoqa.demoqa.test" name="conditions4" time="0.0">
    <ignored/>
  </testcase> <!-- conditions4 -->
  <testcase classname="demoqa.demoqa.test" name="conditions1" time="0.0">
    <ignored/>
  </testcase> <!-- conditions1 -->
</testsuite> <!-- demoqa -->
