<?xml version="1.0" encoding="UTF-8"?>
<testng-results ignored="3" total="6" passed="3" failed="0" skipped="0">
  <reporter-output>
  </reporter-output>
  <suite started-at="2020-06-11T04:14:26Z" name="qa" finished-at="2020-06-11T04:15:37Z" duration-ms="71597">
    <groups>
      <group name="Radio">
        <method signature="test.conditions2()[pri:3, instance:demoqa.demoqa.test@e4487af]" name="conditions2" class="demoqa.demoqa.test"/>
      </group> <!-- Radio -->
      <group name="text">
        <method signature="forms.conditions()[pri:5, instance:demoqa.demoqa.forms@6aaceffd]" name="conditions" class="demoqa.demoqa.forms"/>
        <method signature="test.conditions()[pri:1, instance:demoqa.demoqa.test@e4487af]" name="conditions" class="demoqa.demoqa.test"/>
      </group> <!-- text -->
    </groups>
    <test started-at="2020-06-11T04:14:26Z" name="demoqa" finished-at="2020-06-11T04:15:37Z" duration-ms="71597">
      <class name="demoqa.demoqa.forms">
        <test-method signature="conditions()[pri:5, instance:demoqa.demoqa.forms@6aaceffd]" started-at="2020-06-11T04:15:17Z" name="conditions" finished-at="2020-06-11T04:15:37Z" duration-ms="20151" status="PASS">
          <reporter-output>
          </reporter-output>
        </test-method> <!-- conditions -->
      </class> <!-- demoqa.demoqa.forms -->
      <class name="demoqa.demoqa.test">
        <test-method signature="conditions()[pri:1, instance:demoqa.demoqa.test@e4487af]" started-at="2020-06-11T04:14:26Z" name="conditions" finished-at="2020-06-11T04:14:59Z" duration-ms="33681" status="PASS">
          <reporter-output>
          </reporter-output>
        </test-method> <!-- conditions -->
        <test-method signature="conditions2()[pri:3, instance:demoqa.demoqa.test@e4487af]" started-at="2020-06-11T04:14:59Z" name="conditions2" finished-at="2020-06-11T04:15:17Z" duration-ms="17640" status="PASS">
          <reporter-output>
          </reporter-output>
        </test-method> <!-- conditions2 -->
      </class> <!-- demoqa.demoqa.test -->
    </test> <!-- demoqa -->
  </suite> <!-- qa -->
</testng-results>
